<?xml version="1.0" encoding="UTF-8"?>
<testsuite name="dev.spud.combatcore.api.CombatActionStateTest" tests="2" skipped="0" failures="0" errors="0" timestamp="2026-08-26T05:41:23.079Z" hostname="vm" time="0.009">
  <properties/>
  <testcase name="phasesAreDeterministic()" classname="dev.spud.combatcore.api.CombatActionStateTest" time="0.008"/>
  <testcase name="onlyWindupMayCancel()" classname="dev.spud.combatcore.api.CombatActionStateTest" time="0.0"/>
  <system-out><![CDATA[]]></system-out>
  <system-err><![CDATA[]]></system-err>
</testsuite>
