<?xml version="1.0" encoding="UTF-8"?>
<testsuite name="dev.spud.combatcore.api.CombatActionDefinitionTest" tests="2" skipped="0" failures="0" errors="0" timestamp="2026-08-26T05:41:23.058Z" hostname="vm" time="0.018">
  <properties/>
  <testcase name="rejectsMalformedDefinitions()" classname="dev.spud.combatcore.api.CombatActionDefinitionTest" time="0.014"/>
  <testcase name="reportsTotalDuration()" classname="dev.spud.combatcore.api.CombatActionDefinitionTest" time="0.001"/>
  <system-out><![CDATA[]]></system-out>
  <system-err><![CDATA[]]></system-err>
</testsuite>
