<?xml version="1.0" encoding="UTF-8"?>
<testsuite name="dev.spud.combatcore.api.MeleeGeometryTest" tests="3" skipped="0" failures="0" errors="0" timestamp="2026-08-26T05:41:23.091Z" hostname="vm" time="0.003">
  <properties/>
  <testcase name="acceptsTargetsInsideReachAndArc()" classname="dev.spud.combatcore.api.MeleeGeometryTest" time="0.001"/>
  <testcase name="rejectsTargetsOutsideReachOrBehindAttacker()" classname="dev.spud.combatcore.api.MeleeGeometryTest" time="0.0"/>
  <testcase name="rejectsDegenerateOrMalformedGeometry()" classname="dev.spud.combatcore.api.MeleeGeometryTest" time="0.0"/>
  <system-out><![CDATA[]]></system-out>
  <system-err><![CDATA[]]></system-err>
</testsuite>
